running egg_info
creating build/tswr_awsim/tswr_awsim.egg-info
writing build/tswr_awsim/tswr_awsim.egg-info/PKG-INFO
writing dependency_links to build/tswr_awsim/tswr_awsim.egg-info/dependency_links.txt
writing entry points to build/tswr_awsim/tswr_awsim.egg-info/entry_points.txt
writing requirements to build/tswr_awsim/tswr_awsim.egg-info/requires.txt
writing top-level names to build/tswr_awsim/tswr_awsim.egg-info/top_level.txt
writing manifest file 'build/tswr_awsim/tswr_awsim.egg-info/SOURCES.txt'
reading manifest file 'build/tswr_awsim/tswr_awsim.egg-info/SOURCES.txt'
writing manifest file 'build/tswr_awsim/tswr_awsim.egg-info/SOURCES.txt'
running build
running build_py
creating /home/agnieszka/autoware/src/tswr_awsim/build/tswr_awsim/build
creating /home/agnieszka/autoware/src/tswr_awsim/build/tswr_awsim/build/lib
creating /home/agnieszka/autoware/src/tswr_awsim/build/tswr_awsim/build/lib/tswr_awsim
copying tswr_awsim/__init__.py -> /home/agnieszka/autoware/src/tswr_awsim/build/tswr_awsim/build/lib/tswr_awsim
copying tswr_awsim/reference_trajectory.py -> /home/agnieszka/autoware/src/tswr_awsim/build/tswr_awsim/build/lib/tswr_awsim
copying tswr_awsim/pure_pursuit_controller.py -> /home/agnieszka/autoware/src/tswr_awsim/build/tswr_awsim/build/lib/tswr_awsim
copying tswr_awsim/lin_MPC_controller.py -> /home/agnieszka/autoware/src/tswr_awsim/build/tswr_awsim/build/lib/tswr_awsim
copying tswr_awsim/path_pub.py -> /home/agnieszka/autoware/src/tswr_awsim/build/tswr_awsim/build/lib/tswr_awsim
copying tswr_awsim/iLQR_controller.py -> /home/agnieszka/autoware/src/tswr_awsim/build/tswr_awsim/build/lib/tswr_awsim
copying tswr_awsim/stanley_controller.py -> /home/agnieszka/autoware/src/tswr_awsim/build/tswr_awsim/build/lib/tswr_awsim
copying tswr_awsim/test_script.py -> /home/agnieszka/autoware/src/tswr_awsim/build/tswr_awsim/build/lib/tswr_awsim
running install
/usr/lib/python3/dist-packages/setuptools/command/install.py:34: SetuptoolsDeprecationWarning: setup.py install is deprecated. Use build and pip and other standards-based tools.
  warnings.warn(
running install_lib
creating /home/agnieszka/autoware/src/tswr_awsim/install/tswr_awsim/lib/python3.10/site-packages/tswr_awsim
copying /home/agnieszka/autoware/src/tswr_awsim/build/tswr_awsim/build/lib/tswr_awsim/__init__.py -> /home/agnieszka/autoware/src/tswr_awsim/install/tswr_awsim/lib/python3.10/site-packages/tswr_awsim
copying /home/agnieszka/autoware/src/tswr_awsim/build/tswr_awsim/build/lib/tswr_awsim/reference_trajectory.py -> /home/agnieszka/autoware/src/tswr_awsim/install/tswr_awsim/lib/python3.10/site-packages/tswr_awsim
copying /home/agnieszka/autoware/src/tswr_awsim/build/tswr_awsim/build/lib/tswr_awsim/pure_pursuit_controller.py -> /home/agnieszka/autoware/src/tswr_awsim/install/tswr_awsim/lib/python3.10/site-packages/tswr_awsim
copying /home/agnieszka/autoware/src/tswr_awsim/build/tswr_awsim/build/lib/tswr_awsim/lin_MPC_controller.py -> /home/agnieszka/autoware/src/tswr_awsim/install/tswr_awsim/lib/python3.10/site-packages/tswr_awsim
copying /home/agnieszka/autoware/src/tswr_awsim/build/tswr_awsim/build/lib/tswr_awsim/path_pub.py -> /home/agnieszka/autoware/src/tswr_awsim/install/tswr_awsim/lib/python3.10/site-packages/tswr_awsim
copying /home/agnieszka/autoware/src/tswr_awsim/build/tswr_awsim/build/lib/tswr_awsim/iLQR_controller.py -> /home/agnieszka/autoware/src/tswr_awsim/install/tswr_awsim/lib/python3.10/site-packages/tswr_awsim
copying /home/agnieszka/autoware/src/tswr_awsim/build/tswr_awsim/build/lib/tswr_awsim/stanley_controller.py -> /home/agnieszka/autoware/src/tswr_awsim/install/tswr_awsim/lib/python3.10/site-packages/tswr_awsim
copying /home/agnieszka/autoware/src/tswr_awsim/build/tswr_awsim/build/lib/tswr_awsim/test_script.py -> /home/agnieszka/autoware/src/tswr_awsim/install/tswr_awsim/lib/python3.10/site-packages/tswr_awsim
byte-compiling /home/agnieszka/autoware/src/tswr_awsim/install/tswr_awsim/lib/python3.10/site-packages/tswr_awsim/__init__.py to __init__.cpython-310.pyc
byte-compiling /home/agnieszka/autoware/src/tswr_awsim/install/tswr_awsim/lib/python3.10/site-packages/tswr_awsim/reference_trajectory.py to reference_trajectory.cpython-310.pyc
byte-compiling /home/agnieszka/autoware/src/tswr_awsim/install/tswr_awsim/lib/python3.10/site-packages/tswr_awsim/pure_pursuit_controller.py to pure_pursuit_controller.cpython-310.pyc
byte-compiling /home/agnieszka/autoware/src/tswr_awsim/install/tswr_awsim/lib/python3.10/site-packages/tswr_awsim/lin_MPC_controller.py to lin_MPC_controller.cpython-310.pyc
byte-compiling /home/agnieszka/autoware/src/tswr_awsim/install/tswr_awsim/lib/python3.10/site-packages/tswr_awsim/path_pub.py to path_pub.cpython-310.pyc
byte-compiling /home/agnieszka/autoware/src/tswr_awsim/install/tswr_awsim/lib/python3.10/site-packages/tswr_awsim/iLQR_controller.py to iLQR_controller.cpython-310.pyc
byte-compiling /home/agnieszka/autoware/src/tswr_awsim/install/tswr_awsim/lib/python3.10/site-packages/tswr_awsim/stanley_controller.py to stanley_controller.cpython-310.pyc
byte-compiling /home/agnieszka/autoware/src/tswr_awsim/install/tswr_awsim/lib/python3.10/site-packages/tswr_awsim/test_script.py to test_script.cpython-310.pyc
running install_data
creating /home/agnieszka/autoware/src/tswr_awsim/install/tswr_awsim/share/ament_index
creating /home/agnieszka/autoware/src/tswr_awsim/install/tswr_awsim/share/ament_index/resource_index
creating /home/agnieszka/autoware/src/tswr_awsim/install/tswr_awsim/share/ament_index/resource_index/packages
copying resource/tswr_awsim -> /home/agnieszka/autoware/src/tswr_awsim/install/tswr_awsim/share/ament_index/resource_index/packages
copying package.xml -> /home/agnieszka/autoware/src/tswr_awsim/install/tswr_awsim/share/tswr_awsim
copying resource/path.csv -> /home/agnieszka/autoware/src/tswr_awsim/install/tswr_awsim/share/tswr_awsim
copying launch/iLQR_launch.py -> /home/agnieszka/autoware/src/tswr_awsim/install/tswr_awsim/share/tswr_awsim
copying launch/pure_pursuit_launch.py -> /home/agnieszka/autoware/src/tswr_awsim/install/tswr_awsim/share/tswr_awsim
copying launch/lin_MPC_launch.py -> /home/agnieszka/autoware/src/tswr_awsim/install/tswr_awsim/share/tswr_awsim
copying launch/stanley_launch.py -> /home/agnieszka/autoware/src/tswr_awsim/install/tswr_awsim/share/tswr_awsim
running install_egg_info
Copying build/tswr_awsim/tswr_awsim.egg-info to /home/agnieszka/autoware/src/tswr_awsim/install/tswr_awsim/lib/python3.10/site-packages/tswr_awsim-0.0.1-py3.10.egg-info
running install_scripts
Installing iLQR_controller script to /home/agnieszka/autoware/src/tswr_awsim/install/tswr_awsim/lib/tswr_awsim
Installing lin_MPC_controller script to /home/agnieszka/autoware/src/tswr_awsim/install/tswr_awsim/lib/tswr_awsim
Installing path_publisher script to /home/agnieszka/autoware/src/tswr_awsim/install/tswr_awsim/lib/tswr_awsim
Installing pure_pursuit_controller script to /home/agnieszka/autoware/src/tswr_awsim/install/tswr_awsim/lib/tswr_awsim
Installing reference_trajectory_generator script to /home/agnieszka/autoware/src/tswr_awsim/install/tswr_awsim/lib/tswr_awsim
Installing stanley_controller script to /home/agnieszka/autoware/src/tswr_awsim/install/tswr_awsim/lib/tswr_awsim
Installing test_script script to /home/agnieszka/autoware/src/tswr_awsim/install/tswr_awsim/lib/tswr_awsim
writing list of installed files to '/home/agnieszka/autoware/src/tswr_awsim/build/tswr_awsim/install.log'
