[0.884s] Invoking command in '/home/agnieszka/autoware/src/tswr_awsim': PYTHONPATH=/home/agnieszka/autoware/src/tswr_awsim/build/tswr_awsim/prefix_override:/home/agnieszka/autoware/src/tswr_awsim/install/tswr_awsim/lib/python3.10/site-packages:${PYTHONPATH} /usr/bin/python3 setup.py egg_info --egg-base build/tswr_awsim build --build-base /home/agnieszka/autoware/src/tswr_awsim/build/tswr_awsim/build install --record /home/agnieszka/autoware/src/tswr_awsim/build/tswr_awsim/install.log --single-version-externally-managed
[1.213s] running egg_info
[1.214s] creating build/tswr_awsim/tswr_awsim.egg-info
[1.214s] writing build/tswr_awsim/tswr_awsim.egg-info/PKG-INFO
[1.214s] writing dependency_links to build/tswr_awsim/tswr_awsim.egg-info/dependency_links.txt
[1.215s] writing entry points to build/tswr_awsim/tswr_awsim.egg-info/entry_points.txt
[1.215s] writing requirements to build/tswr_awsim/tswr_awsim.egg-info/requires.txt
[1.215s] writing top-level names to build/tswr_awsim/tswr_awsim.egg-info/top_level.txt
[1.215s] writing manifest file 'build/tswr_awsim/tswr_awsim.egg-info/SOURCES.txt'
[1.217s] reading manifest file 'build/tswr_awsim/tswr_awsim.egg-info/SOURCES.txt'
[1.218s] writing manifest file 'build/tswr_awsim/tswr_awsim.egg-info/SOURCES.txt'
[1.218s] running build
[1.218s] running build_py
[1.218s] creating /home/agnieszka/autoware/src/tswr_awsim/build/tswr_awsim/build
[1.218s] creating /home/agnieszka/autoware/src/tswr_awsim/build/tswr_awsim/build/lib
[1.219s] creating /home/agnieszka/autoware/src/tswr_awsim/build/tswr_awsim/build/lib/tswr_awsim
[1.219s] copying tswr_awsim/__init__.py -> /home/agnieszka/autoware/src/tswr_awsim/build/tswr_awsim/build/lib/tswr_awsim
[1.219s] copying tswr_awsim/reference_trajectory.py -> /home/agnieszka/autoware/src/tswr_awsim/build/tswr_awsim/build/lib/tswr_awsim
[1.219s] copying tswr_awsim/pure_pursuit_controller.py -> /home/agnieszka/autoware/src/tswr_awsim/build/tswr_awsim/build/lib/tswr_awsim
[1.219s] copying tswr_awsim/lin_MPC_controller.py -> /home/agnieszka/autoware/src/tswr_awsim/build/tswr_awsim/build/lib/tswr_awsim
[1.219s] copying tswr_awsim/path_pub.py -> /home/agnieszka/autoware/src/tswr_awsim/build/tswr_awsim/build/lib/tswr_awsim
[1.219s] copying tswr_awsim/iLQR_controller.py -> /home/agnieszka/autoware/src/tswr_awsim/build/tswr_awsim/build/lib/tswr_awsim
[1.219s] copying tswr_awsim/stanley_controller.py -> /home/agnieszka/autoware/src/tswr_awsim/build/tswr_awsim/build/lib/tswr_awsim
[1.219s] copying tswr_awsim/test_script.py -> /home/agnieszka/autoware/src/tswr_awsim/build/tswr_awsim/build/lib/tswr_awsim
[1.220s] running install
[1.220s] /usr/lib/python3/dist-packages/setuptools/command/install.py:34: SetuptoolsDeprecationWarning: setup.py install is deprecated. Use build and pip and other standards-based tools.
[1.220s]   warnings.warn(
[1.220s] running install_lib
[1.221s] creating /home/agnieszka/autoware/src/tswr_awsim/install/tswr_awsim/lib/python3.10/site-packages/tswr_awsim
[1.221s] copying /home/agnieszka/autoware/src/tswr_awsim/build/tswr_awsim/build/lib/tswr_awsim/__init__.py -> /home/agnieszka/autoware/src/tswr_awsim/install/tswr_awsim/lib/python3.10/site-packages/tswr_awsim
[1.221s] copying /home/agnieszka/autoware/src/tswr_awsim/build/tswr_awsim/build/lib/tswr_awsim/reference_trajectory.py -> /home/agnieszka/autoware/src/tswr_awsim/install/tswr_awsim/lib/python3.10/site-packages/tswr_awsim
[1.222s] copying /home/agnieszka/autoware/src/tswr_awsim/build/tswr_awsim/build/lib/tswr_awsim/pure_pursuit_controller.py -> /home/agnieszka/autoware/src/tswr_awsim/install/tswr_awsim/lib/python3.10/site-packages/tswr_awsim
[1.222s] copying /home/agnieszka/autoware/src/tswr_awsim/build/tswr_awsim/build/lib/tswr_awsim/lin_MPC_controller.py -> /home/agnieszka/autoware/src/tswr_awsim/install/tswr_awsim/lib/python3.10/site-packages/tswr_awsim
[1.222s] copying /home/agnieszka/autoware/src/tswr_awsim/build/tswr_awsim/build/lib/tswr_awsim/path_pub.py -> /home/agnieszka/autoware/src/tswr_awsim/install/tswr_awsim/lib/python3.10/site-packages/tswr_awsim
[1.222s] copying /home/agnieszka/autoware/src/tswr_awsim/build/tswr_awsim/build/lib/tswr_awsim/iLQR_controller.py -> /home/agnieszka/autoware/src/tswr_awsim/install/tswr_awsim/lib/python3.10/site-packages/tswr_awsim
[1.222s] copying /home/agnieszka/autoware/src/tswr_awsim/build/tswr_awsim/build/lib/tswr_awsim/stanley_controller.py -> /home/agnieszka/autoware/src/tswr_awsim/install/tswr_awsim/lib/python3.10/site-packages/tswr_awsim
[1.222s] copying /home/agnieszka/autoware/src/tswr_awsim/build/tswr_awsim/build/lib/tswr_awsim/test_script.py -> /home/agnieszka/autoware/src/tswr_awsim/install/tswr_awsim/lib/python3.10/site-packages/tswr_awsim
[1.223s] byte-compiling /home/agnieszka/autoware/src/tswr_awsim/install/tswr_awsim/lib/python3.10/site-packages/tswr_awsim/__init__.py to __init__.cpython-310.pyc
[1.223s] byte-compiling /home/agnieszka/autoware/src/tswr_awsim/install/tswr_awsim/lib/python3.10/site-packages/tswr_awsim/reference_trajectory.py to reference_trajectory.cpython-310.pyc
[1.224s] byte-compiling /home/agnieszka/autoware/src/tswr_awsim/install/tswr_awsim/lib/python3.10/site-packages/tswr_awsim/pure_pursuit_controller.py to pure_pursuit_controller.cpython-310.pyc
[1.225s] byte-compiling /home/agnieszka/autoware/src/tswr_awsim/install/tswr_awsim/lib/python3.10/site-packages/tswr_awsim/lin_MPC_controller.py to lin_MPC_controller.cpython-310.pyc
[1.225s] byte-compiling /home/agnieszka/autoware/src/tswr_awsim/install/tswr_awsim/lib/python3.10/site-packages/tswr_awsim/path_pub.py to path_pub.cpython-310.pyc
[1.226s] byte-compiling /home/agnieszka/autoware/src/tswr_awsim/install/tswr_awsim/lib/python3.10/site-packages/tswr_awsim/iLQR_controller.py to iLQR_controller.cpython-310.pyc
[1.227s] byte-compiling /home/agnieszka/autoware/src/tswr_awsim/install/tswr_awsim/lib/python3.10/site-packages/tswr_awsim/stanley_controller.py to stanley_controller.cpython-310.pyc
[1.227s] byte-compiling /home/agnieszka/autoware/src/tswr_awsim/install/tswr_awsim/lib/python3.10/site-packages/tswr_awsim/test_script.py to test_script.cpython-310.pyc
[1.228s] running install_data
[1.228s] creating /home/agnieszka/autoware/src/tswr_awsim/install/tswr_awsim/share/ament_index
[1.229s] creating /home/agnieszka/autoware/src/tswr_awsim/install/tswr_awsim/share/ament_index/resource_index
[1.229s] creating /home/agnieszka/autoware/src/tswr_awsim/install/tswr_awsim/share/ament_index/resource_index/packages
[1.229s] copying resource/tswr_awsim -> /home/agnieszka/autoware/src/tswr_awsim/install/tswr_awsim/share/ament_index/resource_index/packages
[1.229s] copying package.xml -> /home/agnieszka/autoware/src/tswr_awsim/install/tswr_awsim/share/tswr_awsim
[1.229s] copying resource/path.csv -> /home/agnieszka/autoware/src/tswr_awsim/install/tswr_awsim/share/tswr_awsim
[1.229s] copying launch/iLQR_launch.py -> /home/agnieszka/autoware/src/tswr_awsim/install/tswr_awsim/share/tswr_awsim
[1.229s] copying launch/pure_pursuit_launch.py -> /home/agnieszka/autoware/src/tswr_awsim/install/tswr_awsim/share/tswr_awsim
[1.230s] copying launch/lin_MPC_launch.py -> /home/agnieszka/autoware/src/tswr_awsim/install/tswr_awsim/share/tswr_awsim
[1.230s] copying launch/stanley_launch.py -> /home/agnieszka/autoware/src/tswr_awsim/install/tswr_awsim/share/tswr_awsim
[1.230s] running install_egg_info
[1.232s] Copying build/tswr_awsim/tswr_awsim.egg-info to /home/agnieszka/autoware/src/tswr_awsim/install/tswr_awsim/lib/python3.10/site-packages/tswr_awsim-0.0.1-py3.10.egg-info
[1.233s] running install_scripts
[1.257s] Installing iLQR_controller script to /home/agnieszka/autoware/src/tswr_awsim/install/tswr_awsim/lib/tswr_awsim
[1.257s] Installing lin_MPC_controller script to /home/agnieszka/autoware/src/tswr_awsim/install/tswr_awsim/lib/tswr_awsim
[1.258s] Installing path_publisher script to /home/agnieszka/autoware/src/tswr_awsim/install/tswr_awsim/lib/tswr_awsim
[1.258s] Installing pure_pursuit_controller script to /home/agnieszka/autoware/src/tswr_awsim/install/tswr_awsim/lib/tswr_awsim
[1.258s] Installing reference_trajectory_generator script to /home/agnieszka/autoware/src/tswr_awsim/install/tswr_awsim/lib/tswr_awsim
[1.258s] Installing stanley_controller script to /home/agnieszka/autoware/src/tswr_awsim/install/tswr_awsim/lib/tswr_awsim
[1.258s] Installing test_script script to /home/agnieszka/autoware/src/tswr_awsim/install/tswr_awsim/lib/tswr_awsim
[1.259s] writing list of installed files to '/home/agnieszka/autoware/src/tswr_awsim/build/tswr_awsim/install.log'
[1.282s] Invoked command in '/home/agnieszka/autoware/src/tswr_awsim' returned '0': PYTHONPATH=/home/agnieszka/autoware/src/tswr_awsim/build/tswr_awsim/prefix_override:/home/agnieszka/autoware/src/tswr_awsim/install/tswr_awsim/lib/python3.10/site-packages:${PYTHONPATH} /usr/bin/python3 setup.py egg_info --egg-base build/tswr_awsim build --build-base /home/agnieszka/autoware/src/tswr_awsim/build/tswr_awsim/build install --record /home/agnieszka/autoware/src/tswr_awsim/build/tswr_awsim/install.log --single-version-externally-managed
