running egg_info
writing build/tswr_awsim/tswr_awsim.egg-info/PKG-INFO
writing dependency_links to build/tswr_awsim/tswr_awsim.egg-info/dependency_links.txt
writing entry points to build/tswr_awsim/tswr_awsim.egg-info/entry_points.txt
writing requirements to build/tswr_awsim/tswr_awsim.egg-info/requires.txt
writing top-level names to build/tswr_awsim/tswr_awsim.egg-info/top_level.txt
reading manifest file 'build/tswr_awsim/tswr_awsim.egg-info/SOURCES.txt'
writing manifest file 'build/tswr_awsim/tswr_awsim.egg-info/SOURCES.txt'
running build
running build_py
copying tswr_awsim/lin_MPC_controller.py -> /home/agnieszka/autoware/src/tswr_awsim/build/tswr_awsim/build/lib/tswr_awsim
running install
running install_lib
copying /home/agnieszka/autoware/src/tswr_awsim/build/tswr_awsim/build/lib/tswr_awsim/lin_MPC_controller.py -> /home/agnieszka/autoware/src/tswr_awsim/install/tswr_awsim/lib/python3.10/site-packages/tswr_awsim
byte-compiling /home/agnieszka/autoware/src/tswr_awsim/install/tswr_awsim/lib/python3.10/site-packages/tswr_awsim/lin_MPC_controller.py to lin_MPC_controller.cpython-310.pyc
running install_data
running install_egg_info
removing '/home/agnieszka/autoware/src/tswr_awsim/install/tswr_awsim/lib/python3.10/site-packages/tswr_awsim-0.0.1-py3.10.egg-info' (and everything under it)
Copying build/tswr_awsim/tswr_awsim.egg-info to /home/agnieszka/autoware/src/tswr_awsim/install/tswr_awsim/lib/python3.10/site-packages/tswr_awsim-0.0.1-py3.10.egg-info
running install_scripts
Installing iLQR_controller script to /home/agnieszka/autoware/src/tswr_awsim/install/tswr_awsim/lib/tswr_awsim
Installing lin_MPC_controller script to /home/agnieszka/autoware/src/tswr_awsim/install/tswr_awsim/lib/tswr_awsim
Installing path_publisher script to /home/agnieszka/autoware/src/tswr_awsim/install/tswr_awsim/lib/tswr_awsim
Installing pure_pursuit_controller script to /home/agnieszka/autoware/src/tswr_awsim/install/tswr_awsim/lib/tswr_awsim
Installing reference_trajectory_generator script to /home/agnieszka/autoware/src/tswr_awsim/install/tswr_awsim/lib/tswr_awsim
Installing stanley_controller script to /home/agnieszka/autoware/src/tswr_awsim/install/tswr_awsim/lib/tswr_awsim
Installing test_script script to /home/agnieszka/autoware/src/tswr_awsim/install/tswr_awsim/lib/tswr_awsim
writing list of installed files to '/home/agnieszka/autoware/src/tswr_awsim/build/tswr_awsim/install.log'
