[0.865s] Invoking command in '/home/agnieszka/autoware/src/tswr_awsim': PYTHONPATH=/home/agnieszka/autoware/src/tswr_awsim/build/tswr_awsim/prefix_override:/home/agnieszka/autoware/src/tswr_awsim/install/tswr_awsim/lib/python3.10/site-packages:${PYTHONPATH} /usr/bin/python3 setup.py egg_info --egg-base build/tswr_awsim build --build-base /home/agnieszka/autoware/src/tswr_awsim/build/tswr_awsim/build install --record /home/agnieszka/autoware/src/tswr_awsim/build/tswr_awsim/install.log --single-version-externally-managed
[1.195s] running egg_info
[1.196s] writing build/tswr_awsim/tswr_awsim.egg-info/PKG-INFO
[1.196s] writing dependency_links to build/tswr_awsim/tswr_awsim.egg-info/dependency_links.txt
[1.196s] writing entry points to build/tswr_awsim/tswr_awsim.egg-info/entry_points.txt
[1.196s] writing requirements to build/tswr_awsim/tswr_awsim.egg-info/requires.txt
[1.197s] writing top-level names to build/tswr_awsim/tswr_awsim.egg-info/top_level.txt
[1.198s] reading manifest file 'build/tswr_awsim/tswr_awsim.egg-info/SOURCES.txt'
[1.199s] writing manifest file 'build/tswr_awsim/tswr_awsim.egg-info/SOURCES.txt'
[1.199s] running build
[1.199s] running build_py
[1.200s] copying tswr_awsim/lin_MPC_controller.py -> /home/agnieszka/autoware/src/tswr_awsim/build/tswr_awsim/build/lib/tswr_awsim
[1.200s] running install
[1.200s] /usr/lib/python3/dist-packages/setuptools/command/install.py:34: SetuptoolsDeprecationWarning: setup.py install is deprecated. Use build and pip and other standards-based tools.
[1.200s]   warnings.warn(
[1.201s] running install_lib
[1.202s] copying /home/agnieszka/autoware/src/tswr_awsim/build/tswr_awsim/build/lib/tswr_awsim/lin_MPC_controller.py -> /home/agnieszka/autoware/src/tswr_awsim/install/tswr_awsim/lib/python3.10/site-packages/tswr_awsim
[1.203s] byte-compiling /home/agnieszka/autoware/src/tswr_awsim/install/tswr_awsim/lib/python3.10/site-packages/tswr_awsim/lin_MPC_controller.py to lin_MPC_controller.cpython-310.pyc
[1.204s] running install_data
[1.205s] running install_egg_info
[1.206s] removing '/home/agnieszka/autoware/src/tswr_awsim/install/tswr_awsim/lib/python3.10/site-packages/tswr_awsim-0.0.1-py3.10.egg-info' (and everything under it)
[1.207s] Copying build/tswr_awsim/tswr_awsim.egg-info to /home/agnieszka/autoware/src/tswr_awsim/install/tswr_awsim/lib/python3.10/site-packages/tswr_awsim-0.0.1-py3.10.egg-info
[1.208s] running install_scripts
[1.232s] Installing iLQR_controller script to /home/agnieszka/autoware/src/tswr_awsim/install/tswr_awsim/lib/tswr_awsim
[1.232s] Installing lin_MPC_controller script to /home/agnieszka/autoware/src/tswr_awsim/install/tswr_awsim/lib/tswr_awsim
[1.232s] Installing path_publisher script to /home/agnieszka/autoware/src/tswr_awsim/install/tswr_awsim/lib/tswr_awsim
[1.233s] Installing pure_pursuit_controller script to /home/agnieszka/autoware/src/tswr_awsim/install/tswr_awsim/lib/tswr_awsim
[1.233s] Installing reference_trajectory_generator script to /home/agnieszka/autoware/src/tswr_awsim/install/tswr_awsim/lib/tswr_awsim
[1.233s] Installing stanley_controller script to /home/agnieszka/autoware/src/tswr_awsim/install/tswr_awsim/lib/tswr_awsim
[1.233s] Installing test_script script to /home/agnieszka/autoware/src/tswr_awsim/install/tswr_awsim/lib/tswr_awsim
[1.233s] writing list of installed files to '/home/agnieszka/autoware/src/tswr_awsim/build/tswr_awsim/install.log'
[1.255s] Invoked command in '/home/agnieszka/autoware/src/tswr_awsim' returned '0': PYTHONPATH=/home/agnieszka/autoware/src/tswr_awsim/build/tswr_awsim/prefix_override:/home/agnieszka/autoware/src/tswr_awsim/install/tswr_awsim/lib/python3.10/site-packages:${PYTHONPATH} /usr/bin/python3 setup.py egg_info --egg-base build/tswr_awsim build --build-base /home/agnieszka/autoware/src/tswr_awsim/build/tswr_awsim/build install --record /home/agnieszka/autoware/src/tswr_awsim/build/tswr_awsim/install.log --single-version-externally-managed
