/home/agnieszka/autoware/src/tswr_awsim/install/tswr_awsim/lib/python3.10/site-packages/tswr_awsim/__init__.py
/home/agnieszka/autoware/src/tswr_awsim/install/tswr_awsim/lib/python3.10/site-packages/tswr_awsim/reference_trajectory.py
/home/agnieszka/autoware/src/tswr_awsim/install/tswr_awsim/lib/python3.10/site-packages/tswr_awsim/pure_pursuit_controller.py
/home/agnieszka/autoware/src/tswr_awsim/install/tswr_awsim/lib/python3.10/site-packages/tswr_awsim/lin_MPC_controller.py
/home/agnieszka/autoware/src/tswr_awsim/install/tswr_awsim/lib/python3.10/site-packages/tswr_awsim/path_pub.py
/home/agnieszka/autoware/src/tswr_awsim/install/tswr_awsim/lib/python3.10/site-packages/tswr_awsim/iLQR_controller.py
/home/agnieszka/autoware/src/tswr_awsim/install/tswr_awsim/lib/python3.10/site-packages/tswr_awsim/stanley_controller.py
/home/agnieszka/autoware/src/tswr_awsim/install/tswr_awsim/lib/python3.10/site-packages/tswr_awsim/test_script.py
/home/agnieszka/autoware/src/tswr_awsim/install/tswr_awsim/lib/python3.10/site-packages/tswr_awsim/__pycache__/__init__.cpython-310.pyc
/home/agnieszka/autoware/src/tswr_awsim/install/tswr_awsim/lib/python3.10/site-packages/tswr_awsim/__pycache__/reference_trajectory.cpython-310.pyc
/home/agnieszka/autoware/src/tswr_awsim/install/tswr_awsim/lib/python3.10/site-packages/tswr_awsim/__pycache__/pure_pursuit_controller.cpython-310.pyc
/home/agnieszka/autoware/src/tswr_awsim/install/tswr_awsim/lib/python3.10/site-packages/tswr_awsim/__pycache__/lin_MPC_controller.cpython-310.pyc
/home/agnieszka/autoware/src/tswr_awsim/install/tswr_awsim/lib/python3.10/site-packages/tswr_awsim/__pycache__/path_pub.cpython-310.pyc
/home/agnieszka/autoware/src/tswr_awsim/install/tswr_awsim/lib/python3.10/site-packages/tswr_awsim/__pycache__/iLQR_controller.cpython-310.pyc
/home/agnieszka/autoware/src/tswr_awsim/install/tswr_awsim/lib/python3.10/site-packages/tswr_awsim/__pycache__/stanley_controller.cpython-310.pyc
/home/agnieszka/autoware/src/tswr_awsim/install/tswr_awsim/lib/python3.10/site-packages/tswr_awsim/__pycache__/test_script.cpython-310.pyc
/home/agnieszka/autoware/src/tswr_awsim/install/tswr_awsim/share/ament_index/resource_index/packages/tswr_awsim
/home/agnieszka/autoware/src/tswr_awsim/install/tswr_awsim/share/tswr_awsim/package.xml
/home/agnieszka/autoware/src/tswr_awsim/install/tswr_awsim/share/tswr_awsim/path.csv
/home/agnieszka/autoware/src/tswr_awsim/install/tswr_awsim/share/tswr_awsim/iLQR_launch.py
/home/agnieszka/autoware/src/tswr_awsim/install/tswr_awsim/share/tswr_awsim/pure_pursuit_launch.py
/home/agnieszka/autoware/src/tswr_awsim/install/tswr_awsim/share/tswr_awsim/lin_MPC_launch.py
/home/agnieszka/autoware/src/tswr_awsim/install/tswr_awsim/share/tswr_awsim/stanley_launch.py
/home/agnieszka/autoware/src/tswr_awsim/install/tswr_awsim/lib/python3.10/site-packages/tswr_awsim-0.0.1-py3.10.egg-info/top_level.txt
/home/agnieszka/autoware/src/tswr_awsim/install/tswr_awsim/lib/python3.10/site-packages/tswr_awsim-0.0.1-py3.10.egg-info/requires.txt
/home/agnieszka/autoware/src/tswr_awsim/install/tswr_awsim/lib/python3.10/site-packages/tswr_awsim-0.0.1-py3.10.egg-info/PKG-INFO
/home/agnieszka/autoware/src/tswr_awsim/install/tswr_awsim/lib/python3.10/site-packages/tswr_awsim-0.0.1-py3.10.egg-info/SOURCES.txt
/home/agnieszka/autoware/src/tswr_awsim/install/tswr_awsim/lib/python3.10/site-packages/tswr_awsim-0.0.1-py3.10.egg-info/dependency_links.txt
/home/agnieszka/autoware/src/tswr_awsim/install/tswr_awsim/lib/python3.10/site-packages/tswr_awsim-0.0.1-py3.10.egg-info/entry_points.txt
/home/agnieszka/autoware/src/tswr_awsim/install/tswr_awsim/lib/python3.10/site-packages/tswr_awsim-0.0.1-py3.10.egg-info/zip-safe
/home/agnieszka/autoware/src/tswr_awsim/install/tswr_awsim/lib/tswr_awsim/iLQR_controller
/home/agnieszka/autoware/src/tswr_awsim/install/tswr_awsim/lib/tswr_awsim/lin_MPC_controller
/home/agnieszka/autoware/src/tswr_awsim/install/tswr_awsim/lib/tswr_awsim/path_publisher
/home/agnieszka/autoware/src/tswr_awsim/install/tswr_awsim/lib/tswr_awsim/pure_pursuit_controller
/home/agnieszka/autoware/src/tswr_awsim/install/tswr_awsim/lib/tswr_awsim/reference_trajectory_generator
/home/agnieszka/autoware/src/tswr_awsim/install/tswr_awsim/lib/tswr_awsim/stanley_controller
/home/agnieszka/autoware/src/tswr_awsim/install/tswr_awsim/lib/tswr_awsim/test_script
